<?xml version="1.0" encoding="UTF-8"?>
<!-- Generated by org.testng.reporters.JUnitXMLReporter -->
<testsuite ignored="0" hostname="DESKTOP-PGIJ00E" failures="1" tests="1" name="Test" time="17.56" errors="0" timestamp="2024-01-02T22:26:50 MST">
  <testcase classname="testCases.TC001_LoginTest" name="loginTest" time="11.355">
    <failure type="java.lang.AssertionError" message="null">
      <![CDATA[java.lang.AssertionError: null
at testCases.TC001_LoginTest.loginTest(TC001_LoginTest.java:42)
at java.base/java.util.ArrayList.forEach(ArrayList.java:1511)
... Removed 29 stack frames]]>
    </failure>
  </testcase> <!-- loginTest -->
</testsuite> <!-- Test -->
