<?xml version="1.0" encoding="UTF-8"?>
<testng-results ignored="0" total="1" passed="1" failed="0" skipped="0">
  <reporter-output>
  </reporter-output>
  <suite started-at="2024-01-04T17:57:00 MST" name="Suite" finished-at="2024-01-04T17:57:10 MST" duration-ms="10155">
    <groups>
    </groups>
    <test started-at="2024-01-04T17:57:00 MST" name="Test" finished-at="2024-01-04T17:57:10 MST" duration-ms="10155">
      <class name="testCases.TC001_LoginTest">
        <test-method is-config="true" signature="setUp(java.lang.String)[pri:0, instance:testCases.TC001_LoginTest@6a192cfe]" started-at="2024-01-04T17:57:00 MST" name="setUp" finished-at="2024-01-04T17:57:07 MST" duration-ms="7177" status="PASS">
          <params>
            <param index="0">
              <value>
                <![CDATA[chrome]]>
              </value>
            </param>
          </params>
          <reporter-output>
          </reporter-output>
        </test-method> <!-- setUp -->
        <test-method signature="loginTest()[pri:0, instance:testCases.TC001_LoginTest@6a192cfe]" started-at="2024-01-04T17:57:07 MST" name="loginTest" finished-at="2024-01-04T17:57:09 MST" duration-ms="2372" status="PASS">
          <reporter-output>
          </reporter-output>
        </test-method> <!-- loginTest -->
        <test-method is-config="true" signature="tearDown()[pri:0, instance:testCases.TC001_LoginTest@6a192cfe]" started-at="2024-01-04T17:57:09 MST" name="tearDown" finished-at="2024-01-04T17:57:10 MST" duration-ms="268" status="PASS">
          <reporter-output>
          </reporter-output>
        </test-method> <!-- tearDown -->
      </class> <!-- testCases.TC001_LoginTest -->
    </test> <!-- Test -->
  </suite> <!-- Suite -->
</testng-results>
